<?xml version="1.0" encoding="UTF-8"?>
<!-- Generated by org.testng.reporters.JUnitReportReporter -->
<testsuite skipped="0" hostname="DESKTOP-BS36KL3" name="dashboard.Testrunner1" tests="1" failures="0" timestamp="2023-06-06T16:16:24 IST" time="91.954" errors="0">
  <testcase name="runScenario" time="91.954" classname="dashboard.Testrunner1"/>
  <system-out/>
</testsuite> <!-- dashboard.Testrunner1 -->
